<?xml version="1.0" encoding="UTF-8"?>
<testng-results ignored="0" total="1" passed="1" failed="0" skipped="0">
  <reporter-output>
  </reporter-output>
  <suite started-at="2024-11-26T23:19:21 IST" name="Default suite" finished-at="2024-11-26T23:19:33 IST" duration-ms="12199">
    <groups>
    </groups>
    <test started-at="2024-11-26T23:19:21 IST" name="Default test" finished-at="2024-11-26T23:19:33 IST" duration-ms="12199">
      <class name="Test_Pack.Base_Classs">
        <test-method signature="setUp()[pri:0, instance:Test_Pack.Base_Classs@4f83df68]" started-at="2024-11-26T23:19:21 IST" name="setUp" finished-at="2024-11-26T23:19:33 IST" duration-ms="12174" status="PASS">
          <reporter-output>
          </reporter-output>
        </test-method> <!-- setUp -->
      </class> <!-- Test_Pack.Base_Classs -->
    </test> <!-- Default test -->
  </suite> <!-- Default suite -->
</testng-results>
